<?xml version="1.0" encoding="UTF-8"?>
<!-- Generated by org.testng.reporters.JUnitReportReporter -->
<testsuite hostname="LAPTOP-KC6STKOI" failures="0" tests="2" name="runnerFiles.MyRunnrr" time="12.483" errors="0" timestamp="2023-03-08T13:01:25 IST" skipped="0">
  <testcase classname="runnerFiles.MyRunnrr" name="runScenario" time="8.948"/>
  <system-out/>
  <testcase classname="runnerFiles.MyRunnrr" name="runScenario" time="3.535"/>
  <system-out/>
</testsuite> <!-- runnerFiles.MyRunnrr -->
